2019-05-07 14:48:58.380 [main] INFO  o.s.c.s.PostProcessorRegistrationDelegate$BeanPostProcessorChecker
				-Bean 'org.springframework.cloud.autoconfigure.ConfigurationPropertiesRebinderAutoConfiguration' of type [org.springframework.cloud.autoconfigure.ConfigurationPropertiesRebinderAutoConfiguration$$EnhancerBySpringCGLIB$$ec04dae0] is not eligible for getting processed by all BeanPostProcessors (for example: not eligible for auto-proxying)
2019-05-07 14:48:58.836 [main] INFO  c.l.c.Ch45EurekaServerApplication
				-No active profile set, falling back to default profiles: default
2019-05-07 14:48:59.725 [main] WARN  o.s.boot.actuate.endpoint.EndpointId
				-Endpoint ID 'service-registry' contains invalid characters, please migrate to a valid format.
2019-05-07 14:49:00.098 [main] INFO  o.s.cloud.context.scope.GenericScope
				-BeanFactory id=565c630d-3055-3159-882c-e591d3c05dec
2019-05-07 14:49:00.181 [main] INFO  o.s.c.s.PostProcessorRegistrationDelegate$BeanPostProcessorChecker
				-Bean 'org.springframework.cloud.autoconfigure.ConfigurationPropertiesRebinderAutoConfiguration' of type [org.springframework.cloud.autoconfigure.ConfigurationPropertiesRebinderAutoConfiguration$$EnhancerBySpringCGLIB$$ec04dae0] is not eligible for getting processed by all BeanPostProcessors (for example: not eligible for auto-proxying)
2019-05-07 14:49:00.796 [main] INFO  o.s.b.w.e.tomcat.TomcatWebServer
				-Tomcat initialized with port(s): 8761 (http)
2019-05-07 14:49:00.810 [main] INFO  o.a.coyote.http11.Http11NioProtocol
				-Initializing ProtocolHandler ["http-nio-8761"]
2019-05-07 14:49:00.817 [main] INFO  o.a.catalina.core.StandardService
				-Starting service [Tomcat]
2019-05-07 14:49:00.818 [main] INFO  o.a.catalina.core.StandardEngine
				-Starting Servlet engine: [Apache Tomcat/9.0.17]
2019-05-07 14:49:01.110 [main] INFO  o.a.c.c.C.[Tomcat].[localhost].[/]
				-Initializing Spring embedded WebApplicationContext
2019-05-07 14:49:01.111 [main] INFO  o.s.web.context.ContextLoader
				-Root WebApplicationContext: initialization completed in 2263 ms
2019-05-07 14:49:01.243 [main] WARN  c.n.c.sources.URLConfigurationSource
				-No URLs will be polled as dynamic configuration sources.
2019-05-07 14:49:01.244 [main] INFO  c.n.c.sources.URLConfigurationSource
				-To enable URLs as dynamic configuration sources, define System property archaius.configurationSource.additionalUrls or make config.properties available on classpath.
2019-05-07 14:49:01.254 [main] INFO  c.n.config.DynamicPropertyFactory
				-DynamicPropertyFactory is initialized with configuration sources: com.netflix.config.ConcurrentCompositeConfiguration@4f820f42
2019-05-07 14:49:03.257 [main] INFO  c.s.j.s.i.a.WebApplicationImpl
				-Initiating Jersey application, version 'Jersey: 1.19.1 03/11/2016 02:08 PM'
2019-05-07 14:49:03.353 [main] INFO  c.n.d.p.DiscoveryJerseyProvider
				-Using JSON encoding codec LegacyJacksonJson
2019-05-07 14:49:03.354 [main] INFO  c.n.d.p.DiscoveryJerseyProvider
				-Using JSON decoding codec LegacyJacksonJson
2019-05-07 14:49:03.821 [main] INFO  c.n.d.p.DiscoveryJerseyProvider
				-Using XML encoding codec XStreamXml
2019-05-07 14:49:03.821 [main] INFO  c.n.d.p.DiscoveryJerseyProvider
				-Using XML decoding codec XStreamXml
2019-05-07 14:49:04.796 [main] WARN  c.n.c.sources.URLConfigurationSource
				-No URLs will be polled as dynamic configuration sources.
2019-05-07 14:49:04.796 [main] INFO  c.n.c.sources.URLConfigurationSource
				-To enable URLs as dynamic configuration sources, define System property archaius.configurationSource.additionalUrls or make config.properties available on classpath.
2019-05-07 14:49:04.969 [main] INFO  o.s.s.c.ThreadPoolTaskExecutor
				-Initializing ExecutorService 'applicationTaskExecutor'
2019-05-07 14:49:05.813 [main] INFO  o.s.c.n.eureka.InstanceInfoFactory
				-Setting initial instance status as: STARTING
2019-05-07 14:49:05.968 [main] INFO  c.netflix.discovery.DiscoveryClient
				-Initializing Eureka in region us-east-1
2019-05-07 14:49:05.968 [main] INFO  c.netflix.discovery.DiscoveryClient
				-Client configured to neither register nor query for data.
2019-05-07 14:49:06.022 [main] INFO  c.netflix.discovery.DiscoveryClient
				-Discovery Client initialized at timestamp 1557211746020 with initial instances count: 0
2019-05-07 14:49:06.056 [main] INFO  c.n.e.DefaultEurekaServerContext
				-Initializing ...
2019-05-07 14:49:06.058 [main] WARN  c.n.eureka.cluster.PeerEurekaNodes
				-The replica size seems to be empty. Check the route 53 DNS Registry
2019-05-07 14:49:06.315 [main] INFO  c.n.e.r.AbstractInstanceRegistry
				-Finished initializing remote region registries. All known remote regions: []
2019-05-07 14:49:06.316 [main] INFO  c.n.e.DefaultEurekaServerContext
				-Initialized
2019-05-07 14:49:06.328 [main] INFO  o.s.b.a.e.web.EndpointLinksResolver
				-Exposing 2 endpoint(s) beneath base path '/actuator'
2019-05-07 14:49:06.411 [main] INFO  o.s.c.n.e.s.EurekaServiceRegistry
				-Registering application CH4-5-EUREKA-SERVER with eureka with status UP
2019-05-07 14:49:06.414 [Thread-29] INFO  o.s.c.n.e.s.EurekaServerBootstrap
				-Setting the eureka configuration..
2019-05-07 14:49:06.415 [Thread-29] INFO  o.s.c.n.e.s.EurekaServerBootstrap
				-Eureka data center value eureka.datacenter is not set, defaulting to default
2019-05-07 14:49:06.415 [Thread-29] INFO  o.s.c.n.e.s.EurekaServerBootstrap
				-Eureka environment value eureka.environment is not set, defaulting to test
2019-05-07 14:49:06.426 [Thread-29] INFO  o.s.c.n.e.s.EurekaServerBootstrap
				-isAws returned false
2019-05-07 14:49:06.426 [Thread-29] INFO  o.s.c.n.e.s.EurekaServerBootstrap
				-Initialized server context
2019-05-07 14:49:06.427 [Thread-29] INFO  c.n.e.r.PeerAwareInstanceRegistryImpl
				-Got 1 instances from neighboring DS node
2019-05-07 14:49:06.427 [Thread-29] INFO  c.n.e.r.PeerAwareInstanceRegistryImpl
				-Renew threshold is: 1
2019-05-07 14:49:06.427 [Thread-29] INFO  c.n.e.r.PeerAwareInstanceRegistryImpl
				-Changing status to UP
2019-05-07 14:49:06.429 [main] INFO  o.a.coyote.http11.Http11NioProtocol
				-Starting ProtocolHandler ["http-nio-8761"]
2019-05-07 14:49:06.433 [Thread-29] INFO  o.s.c.n.e.s.EurekaServerInitializerConfiguration
				-Started Eureka Server
2019-05-07 14:49:06.494 [main] INFO  o.s.b.w.e.tomcat.TomcatWebServer
				-Tomcat started on port(s): 8761 (http) with context path ''
2019-05-07 14:49:06.495 [main] INFO  o.s.c.n.e.s.EurekaAutoServiceRegistration
				-Updating port to 8761
2019-05-07 14:49:06.497 [main] INFO  c.l.c.Ch45EurekaServerApplication
				-Started Ch45EurekaServerApplication in 12.866 seconds (JVM running for 18.92)
2019-05-07 14:49:07.323 [RMI TCP Connection(1)-172.22.1.12] INFO  o.a.c.c.C.[Tomcat].[localhost].[/]
				-Initializing Spring DispatcherServlet 'dispatcherServlet'
2019-05-07 14:49:07.323 [RMI TCP Connection(1)-172.22.1.12] INFO  o.s.web.servlet.DispatcherServlet
				-Initializing Servlet 'dispatcherServlet'
2019-05-07 14:49:07.338 [RMI TCP Connection(1)-172.22.1.12] INFO  o.s.web.servlet.DispatcherServlet
				-Completed initialization in 15 ms
2019-05-07 14:50:06.428 [Eureka-EvictionTimer] INFO  c.n.e.r.AbstractInstanceRegistry
				-Running the evict task with compensationTime 0ms
2019-05-07 14:51:06.428 [Eureka-EvictionTimer] INFO  c.n.e.r.AbstractInstanceRegistry
				-Running the evict task with compensationTime 0ms
2019-05-07 14:52:06.428 [Eureka-EvictionTimer] INFO  c.n.e.r.AbstractInstanceRegistry
				-Running the evict task with compensationTime 0ms
2019-05-07 14:53:06.428 [Eureka-EvictionTimer] INFO  c.n.e.r.AbstractInstanceRegistry
				-Running the evict task with compensationTime 0ms
2019-05-07 14:54:06.428 [Eureka-EvictionTimer] INFO  c.n.e.r.AbstractInstanceRegistry
				-Running the evict task with compensationTime 0ms
2019-05-07 14:55:06.428 [Eureka-EvictionTimer] INFO  c.n.e.r.AbstractInstanceRegistry
				-Running the evict task with compensationTime 0ms
2019-05-07 14:56:06.428 [Eureka-EvictionTimer] INFO  c.n.e.r.AbstractInstanceRegistry
				-Running the evict task with compensationTime 0ms
2019-05-07 14:57:06.428 [Eureka-EvictionTimer] INFO  c.n.e.r.AbstractInstanceRegistry
				-Running the evict task with compensationTime 0ms
2019-05-07 14:58:06.428 [Eureka-EvictionTimer] INFO  c.n.e.r.AbstractInstanceRegistry
				-Running the evict task with compensationTime 0ms
2019-05-07 14:59:06.073 [Eureka-PeerNodesUpdater] WARN  c.n.eureka.cluster.PeerEurekaNodes
				-The replica size seems to be empty. Check the route 53 DNS Registry
2019-05-07 14:59:06.428 [Eureka-EvictionTimer] INFO  c.n.e.r.AbstractInstanceRegistry
				-Running the evict task with compensationTime 0ms
2019-05-07 15:00:06.428 [Eureka-EvictionTimer] INFO  c.n.e.r.AbstractInstanceRegistry
				-Running the evict task with compensationTime 0ms
2019-05-07 15:01:06.428 [Eureka-EvictionTimer] INFO  c.n.e.r.AbstractInstanceRegistry
				-Running the evict task with compensationTime 0ms
2019-05-07 15:02:06.428 [Eureka-EvictionTimer] INFO  c.n.e.r.AbstractInstanceRegistry
				-Running the evict task with compensationTime 0ms
2019-05-07 15:03:06.428 [Eureka-EvictionTimer] INFO  c.n.e.r.AbstractInstanceRegistry
				-Running the evict task with compensationTime 0ms
2019-05-07 15:04:06.316 [ReplicaAwareInstanceRegistry - RenewalThresholdUpdater] INFO  c.n.e.r.PeerAwareInstanceRegistryImpl
				-Current renewal threshold is : 0
2019-05-07 15:04:06.429 [Eureka-EvictionTimer] INFO  c.n.e.r.AbstractInstanceRegistry
				-Running the evict task with compensationTime 0ms
2019-05-07 15:05:06.429 [Eureka-EvictionTimer] INFO  c.n.e.r.AbstractInstanceRegistry
				-Running the evict task with compensationTime 0ms
2019-05-07 15:06:06.429 [Eureka-EvictionTimer] INFO  c.n.e.r.AbstractInstanceRegistry
				-Running the evict task with compensationTime 0ms
2019-05-07 15:07:06.429 [Eureka-EvictionTimer] INFO  c.n.e.r.AbstractInstanceRegistry
				-Running the evict task with compensationTime 0ms
2019-05-07 15:08:06.429 [Eureka-EvictionTimer] INFO  c.n.e.r.AbstractInstanceRegistry
				-Running the evict task with compensationTime 0ms
2019-05-07 15:09:06.087 [Eureka-PeerNodesUpdater] WARN  c.n.eureka.cluster.PeerEurekaNodes
				-The replica size seems to be empty. Check the route 53 DNS Registry
2019-05-07 15:09:06.429 [Eureka-EvictionTimer] INFO  c.n.e.r.AbstractInstanceRegistry
				-Running the evict task with compensationTime 0ms
2019-05-07 15:10:06.429 [Eureka-EvictionTimer] INFO  c.n.e.r.AbstractInstanceRegistry
				-Running the evict task with compensationTime 0ms
2019-05-07 15:11:06.429 [Eureka-EvictionTimer] INFO  c.n.e.r.AbstractInstanceRegistry
				-Running the evict task with compensationTime 0ms
2019-05-07 15:12:06.429 [Eureka-EvictionTimer] INFO  c.n.e.r.AbstractInstanceRegistry
				-Running the evict task with compensationTime 0ms
2019-05-07 15:13:06.429 [Eureka-EvictionTimer] INFO  c.n.e.r.AbstractInstanceRegistry
				-Running the evict task with compensationTime 0ms
2019-05-07 15:14:06.429 [Eureka-EvictionTimer] INFO  c.n.e.r.AbstractInstanceRegistry
				-Running the evict task with compensationTime 0ms
2019-05-07 15:15:06.429 [Eureka-EvictionTimer] INFO  c.n.e.r.AbstractInstanceRegistry
				-Running the evict task with compensationTime 0ms
2019-05-07 15:16:06.429 [Eureka-EvictionTimer] INFO  c.n.e.r.AbstractInstanceRegistry
				-Running the evict task with compensationTime 0ms
2019-05-07 15:17:06.429 [Eureka-EvictionTimer] INFO  c.n.e.r.AbstractInstanceRegistry
				-Running the evict task with compensationTime 0ms
2019-05-07 15:18:06.429 [Eureka-EvictionTimer] INFO  c.n.e.r.AbstractInstanceRegistry
				-Running the evict task with compensationTime 0ms
2019-05-07 15:19:06.101 [Eureka-PeerNodesUpdater] WARN  c.n.eureka.cluster.PeerEurekaNodes
				-The replica size seems to be empty. Check the route 53 DNS Registry
2019-05-07 15:19:06.322 [ReplicaAwareInstanceRegistry - RenewalThresholdUpdater] INFO  c.n.e.r.PeerAwareInstanceRegistryImpl
				-Current renewal threshold is : 0
2019-05-07 15:19:06.429 [Eureka-EvictionTimer] INFO  c.n.e.r.AbstractInstanceRegistry
				-Running the evict task with compensationTime 0ms
2019-05-07 15:20:06.429 [Eureka-EvictionTimer] INFO  c.n.e.r.AbstractInstanceRegistry
				-Running the evict task with compensationTime 0ms
2019-05-07 15:20:45.415 [http-nio-8761-exec-2] INFO  c.n.e.r.AbstractInstanceRegistry
				-Registered instance CH4-5-PROVIDER/admin-PC:ch4-5-provider:8082 with status UP (replication=false)
2019-05-07 15:21:06.429 [Eureka-EvictionTimer] INFO  c.n.e.r.AbstractInstanceRegistry
				-Running the evict task with compensationTime 0ms
2019-05-07 15:21:17.327 [http-nio-8761-exec-7] INFO  c.n.e.r.AbstractInstanceRegistry
				-Registered instance CH4-5-CONSUMER/admin-PC:ch4-5-consumer:8081 with status UP (replication=false)
2019-05-07 15:21:28.938 [http-nio-8761-exec-8] INFO  o.a.coyote.http11.Http11Processor
				-Error parsing HTTP request header
 Note: further occurrences of HTTP request parsing errors will be logged at DEBUG level.
java.lang.IllegalArgumentException: Invalid character found in method name. HTTP method names must be tokens
	at org.apache.coyote.http11.Http11InputBuffer.parseRequestLine(Http11InputBuffer.java:414)
	at org.apache.coyote.http11.Http11Processor.service(Http11Processor.java:294)
	at org.apache.coyote.AbstractProcessorLight.process(AbstractProcessorLight.java:66)
	at org.apache.coyote.AbstractProtocol$ConnectionHandler.process(AbstractProtocol.java:834)
	at org.apache.tomcat.util.net.NioEndpoint$SocketProcessor.doRun(NioEndpoint.java:1415)
	at org.apache.tomcat.util.net.SocketProcessorBase.run(SocketProcessorBase.java:49)
	at java.util.concurrent.ThreadPoolExecutor.runWorker(ThreadPoolExecutor.java:1142)
	at java.util.concurrent.ThreadPoolExecutor$Worker.run(ThreadPoolExecutor.java:617)
	at org.apache.tomcat.util.threads.TaskThread$WrappingRunnable.run(TaskThread.java:61)
	at java.lang.Thread.run(Thread.java:745)
2019-05-07 15:21:28.940 [http-nio-8761-exec-6] INFO  o.a.coyote.http11.Http11Processor
				-Error parsing HTTP request header
 Note: further occurrences of HTTP request parsing errors will be logged at DEBUG level.
java.lang.IllegalArgumentException: Invalid character found in method name. HTTP method names must be tokens
	at org.apache.coyote.http11.Http11InputBuffer.parseRequestLine(Http11InputBuffer.java:414)
	at org.apache.coyote.http11.Http11Processor.service(Http11Processor.java:294)
	at org.apache.coyote.AbstractProcessorLight.process(AbstractProcessorLight.java:66)
	at org.apache.coyote.AbstractProtocol$ConnectionHandler.process(AbstractProtocol.java:834)
	at org.apache.tomcat.util.net.NioEndpoint$SocketProcessor.doRun(NioEndpoint.java:1415)
	at org.apache.tomcat.util.net.SocketProcessorBase.run(SocketProcessorBase.java:49)
	at java.util.concurrent.ThreadPoolExecutor.runWorker(ThreadPoolExecutor.java:1142)
	at java.util.concurrent.ThreadPoolExecutor$Worker.run(ThreadPoolExecutor.java:617)
	at org.apache.tomcat.util.threads.TaskThread$WrappingRunnable.run(TaskThread.java:61)
	at java.lang.Thread.run(Thread.java:745)
2019-05-07 15:22:04.488 [Thread-31] INFO  o.s.c.n.e.s.EurekaServiceRegistry
				-Unregistering application CH4-5-EUREKA-SERVER with eureka with status DOWN
2019-05-07 15:22:04.490 [Thread-31] INFO  c.n.e.DefaultEurekaServerContext
				-Shutting down ...
2019-05-07 15:22:04.494 [Thread-31] INFO  c.n.e.DefaultEurekaServerContext
				-Shut down
2019-05-07 15:22:04.496 [Thread-31] INFO  o.s.s.c.ThreadPoolTaskExecutor
				-Shutting down ExecutorService 'applicationTaskExecutor'
2019-05-07 15:22:04.503 [Thread-31] INFO  c.netflix.discovery.DiscoveryClient
				-Shutting down DiscoveryClient ...
2019-05-07 15:22:04.504 [Thread-31] INFO  c.netflix.discovery.DiscoveryClient
				-Completed shut down of DiscoveryClient
